This file contains any messages produced by compilers while
running configure, to aid debugging if configure makes a mistake.

It was created by hevcbitstream configure 0.2.0, which was
generated by GNU Autoconf 2.69.  Invocation command line was

  $ ./configure --host aarch64-linux-gnu

## --------- ##
## Platform. ##
## --------- ##

hostname = raspberrypi
uname -m = aarch64
uname -r = 5.17.15-v8+
uname -s = Linux
uname -v = #3 SMP PREEMPT Thu Dec 22 21:30:02 CST 2022

/usr/bin/uname -p = unknown
/bin/uname -X     = unknown

/bin/arch              = aarch64
/usr/bin/arch -k       = unknown
/usr/convex/getsysinfo = unknown
/usr/bin/hostinfo      = unknown
/bin/machine           = unknown
/usr/bin/oslevel       = unknown
/bin/universe          = unknown

PATH: /home/pi/.vscode-server/bin/5235c6bb189b60b01b1f49062f4ffa42384f8c91/bin/remote-cli
PATH: /usr/local/bin
PATH: /usr/bin
PATH: /bin
PATH: /usr/games


## ----------- ##
## Core tests. ##
## ----------- ##

configure:2185: checking build system type
configure:2199: result: aarch64-unknown-linux-gnu
configure:2219: checking host system type
configure:2232: result: aarch64-unknown-linux-gnu
configure:2252: checking target system type
configure:2265: result: aarch64-unknown-linux-gnu
configure:2320: checking for a BSD-compatible install
configure:2388: result: /usr/bin/install -c
configure:2399: checking whether build environment is sane
configure:2454: result: yes
configure:2508: checking for aarch64-linux-gnu-strip
configure:2524: found /usr/bin/aarch64-linux-gnu-strip
configure:2535: result: aarch64-linux-gnu-strip
configure:2600: checking for a thread-safe mkdir -p
configure:2639: result: /usr/bin/mkdir -p
configure:2646: checking for gawk
configure:2676: result: no
configure:2646: checking for mawk
configure:2662: found /usr/bin/mawk
configure:2673: result: mawk
configure:2684: checking whether make sets $(MAKE)
configure:2706: result: yes
configure:2735: checking whether make supports nested variables
configure:2752: result: yes
configure:2887: checking for aarch64-linux-gnu-gcc
configure:2903: found /usr/bin/aarch64-linux-gnu-gcc
configure:2914: result: aarch64-linux-gnu-gcc
configure:3183: checking for C compiler version
configure:3192: aarch64-linux-gnu-gcc --version >&5
aarch64-linux-gnu-gcc (Debian 10.2.1-6) 10.2.1 20210110
Copyright (C) 2020 Free Software Foundation, Inc.
This is free software; see the source for copying conditions.  There is NO
warranty; not even for MERCHANTABILITY or FITNESS FOR A PARTICULAR PURPOSE.

configure:3203: $? = 0
configure:3192: aarch64-linux-gnu-gcc -v >&5
Using built-in specs.
COLLECT_GCC=aarch64-linux-gnu-gcc
COLLECT_LTO_WRAPPER=/usr/lib/gcc/aarch64-linux-gnu/10/lto-wrapper
Target: aarch64-linux-gnu
Configured with: ../src/configure -v --with-pkgversion='Debian 10.2.1-6' --with-bugurl=file:///usr/share/doc/gcc-10/README.Bugs --enable-languages=c,ada,c++,go,d,fortran,objc,obj-c++,m2 --prefix=/usr --with-gcc-major-version-only --program-suffix=-10 --program-prefix=aarch64-linux-gnu- --enable-shared --enable-linker-build-id --libexecdir=/usr/lib --without-included-gettext --enable-threads=posix --libdir=/usr/lib --enable-nls --enable-bootstrap --enable-clocale=gnu --enable-libstdcxx-debug --enable-libstdcxx-time=yes --with-default-libstdcxx-abi=new --enable-gnu-unique-object --disable-libquadmath --disable-libquadmath-support --enable-plugin --enable-default-pie --with-system-zlib --enable-libphobos-checking=release --with-target-system-zlib=auto --enable-objc-gc=auto --enable-multiarch --enable-fix-cortex-a53-843419 --disable-werror --enable-checking=release --build=aarch64-linux-gnu --host=aarch64-linux-gnu --target=aarch64-linux-gnu --with-build-config=bootstrap-lto-lean --enable-link-mutex
Thread model: posix
Supported LTO compression algorithms: zlib zstd
gcc version 10.2.1 20210110 (Debian 10.2.1-6) 
configure:3203: $? = 0
configure:3192: aarch64-linux-gnu-gcc -V >&5
aarch64-linux-gnu-gcc: error: unrecognized command-line option '-V'
aarch64-linux-gnu-gcc: fatal error: no input files
compilation terminated.
configure:3203: $? = 1
configure:3192: aarch64-linux-gnu-gcc -qversion >&5
aarch64-linux-gnu-gcc: error: unrecognized command-line option '-qversion'; did you mean '--version'?
aarch64-linux-gnu-gcc: fatal error: no input files
compilation terminated.
configure:3203: $? = 1
configure:3223: checking whether the C compiler works
configure:3245: aarch64-linux-gnu-gcc   -lm conftest.c  >&5
configure:3249: $? = 0
configure:3297: result: yes
configure:3300: checking for C compiler default output file name
configure:3302: result: a.out
configure:3308: checking for suffix of executables
configure:3315: aarch64-linux-gnu-gcc -o conftest   -lm conftest.c  >&5
configure:3319: $? = 0
configure:3341: result: 
configure:3363: checking whether we are cross compiling
configure:3371: aarch64-linux-gnu-gcc -o conftest   -lm conftest.c  >&5
configure:3375: $? = 0
configure:3382: ./conftest
configure:3386: $? = 0
configure:3401: result: no
configure:3406: checking for suffix of object files
configure:3428: aarch64-linux-gnu-gcc -c   conftest.c >&5
configure:3432: $? = 0
configure:3453: result: o
configure:3457: checking whether we are using the GNU C compiler
configure:3476: aarch64-linux-gnu-gcc -c   conftest.c >&5
configure:3476: $? = 0
configure:3485: result: yes
configure:3494: checking whether aarch64-linux-gnu-gcc accepts -g
configure:3514: aarch64-linux-gnu-gcc -c -g  conftest.c >&5
configure:3514: $? = 0
configure:3555: result: yes
configure:3572: checking for aarch64-linux-gnu-gcc option to accept ISO C89
configure:3635: aarch64-linux-gnu-gcc  -c -g -O2  conftest.c >&5
configure:3635: $? = 0
configure:3648: result: none needed
configure:3673: checking whether aarch64-linux-gnu-gcc understands -c and -o together
configure:3695: aarch64-linux-gnu-gcc -c conftest.c -o conftest2.o
configure:3698: $? = 0
configure:3695: aarch64-linux-gnu-gcc -c conftest.c -o conftest2.o
configure:3698: $? = 0
configure:3710: result: yes
configure:3730: checking whether make supports the include directive
configure:3745: make -f confmf.GNU && cat confinc.out
make[1]: Entering directory '/home/pi/workspace/V4L2-apps/v4l2tools/hevcbitstream'
make[1]: Leaving directory '/home/pi/workspace/V4L2-apps/v4l2tools/hevcbitstream'
this is the am__doit target
configure:3748: $? = 0
configure:3767: result: yes (GNU style)
configure:3792: checking dependency style of aarch64-linux-gnu-gcc
configure:3903: result: gcc3
configure:3919: checking for a sed that does not truncate output
configure:3983: result: /usr/bin/sed
configure:4001: checking for grep that handles long lines and -e
configure:4059: result: /usr/bin/grep
configure:4064: checking for egrep
configure:4126: result: /usr/bin/grep -E
configure:4131: checking for fgrep
configure:4193: result: /usr/bin/grep -F
configure:4220: checking how to print strings
configure:4247: result: printf
configure:4280: checking for ld used by aarch64-linux-gnu-gcc
configure:4347: result: /usr/bin/ld
configure:4354: checking if the linker (/usr/bin/ld) is GNU ld
configure:4369: result: yes
configure:4424: checking for BSD- or MS-compatible name lister (nm)
configure:4478: result: /usr/bin/aarch64-linux-gnu-nm -B
configure:4608: checking the name lister (/usr/bin/aarch64-linux-gnu-nm -B) interface
configure:4615: aarch64-linux-gnu-gcc -c -g -O2  conftest.c >&5
configure:4618: /usr/bin/aarch64-linux-gnu-nm -B "conftest.o"
configure:4621: output
0000000000000000 B some_variable
configure:4628: result: BSD nm
configure:4631: checking whether ln -s works
configure:4635: result: yes
configure:4643: checking the maximum length of command line arguments
configure:4774: result: 1572864
configure:4822: checking how to convert aarch64-unknown-linux-gnu file names to aarch64-unknown-linux-gnu format
configure:4862: result: func_convert_file_noop
configure:4869: checking how to convert aarch64-unknown-linux-gnu file names to toolchain format
configure:4889: result: func_convert_file_noop
configure:4896: checking for /usr/bin/ld option to reload object files
configure:4903: result: -r
configure:4937: checking for aarch64-linux-gnu-objdump
configure:4953: found /usr/bin/aarch64-linux-gnu-objdump
configure:4964: result: aarch64-linux-gnu-objdump
configure:5036: checking how to recognize dependent libraries
configure:5236: result: pass_all
configure:5281: checking for aarch64-linux-gnu-dlltool
configure:5311: result: no
configure:5321: checking for dlltool
configure:5351: result: no
configure:5381: checking how to associate runtime and link libraries
configure:5408: result: printf %s\n
configure:5425: checking for aarch64-linux-gnu-ar
configure:5441: found /usr/bin/aarch64-linux-gnu-ar
configure:5452: result: aarch64-linux-gnu-ar
configure:5533: checking for archiver @FILE support
configure:5550: aarch64-linux-gnu-gcc -c -g -O2  conftest.c >&5
configure:5550: $? = 0
configure:5553: aarch64-linux-gnu-ar cr libconftest.a @conftest.lst >&5
configure:5556: $? = 0
configure:5561: aarch64-linux-gnu-ar cr libconftest.a @conftest.lst >&5
aarch64-linux-gnu-ar: conftest.o: No such file or directory
configure:5564: $? = 1
configure:5576: result: @
configure:5594: checking for aarch64-linux-gnu-strip
configure:5621: result: aarch64-linux-gnu-strip
configure:5693: checking for aarch64-linux-gnu-ranlib
configure:5709: found /usr/bin/aarch64-linux-gnu-ranlib
configure:5720: result: aarch64-linux-gnu-ranlib
configure:5862: checking command to parse /usr/bin/aarch64-linux-gnu-nm -B output from aarch64-linux-gnu-gcc object
configure:6015: aarch64-linux-gnu-gcc -c -g -O2  conftest.c >&5
configure:6018: $? = 0
configure:6022: /usr/bin/aarch64-linux-gnu-nm -B conftest.o | sed -n -e 's/^.*[	 ]\([ABCDGIRSTW][ABCDGIRSTW]*\)[	 ][	 ]*\([_A-Za-z][_A-Za-z0-9]*\)$/\1 \2 \2/p' | sed '/ __gnu_lto/d' > conftest.nm
configure:6088: aarch64-linux-gnu-gcc -o conftest -g -O2  -lm conftest.c conftstm.o >&5
configure:6091: $? = 0
configure:6129: result: ok
configure:6176: checking for sysroot
configure:6206: result: no
configure:6213: checking for a working dd
configure:6251: result: /usr/bin/dd
configure:6255: checking how to truncate binary pipes
configure:6270: result: /usr/bin/dd bs=4096 count=1
configure:6559: checking for aarch64-linux-gnu-mt
configure:6589: result: no
configure:6599: checking for mt
configure:6615: found /usr/bin/mt
configure:6626: result: mt
configure:6649: checking if mt is a manifest tool
configure:6655: mt '-?'
configure:6663: result: no
configure:7340: checking how to run the C preprocessor
configure:7371: aarch64-linux-gnu-gcc -E  conftest.c
configure:7371: $? = 0
configure:7385: aarch64-linux-gnu-gcc -E  conftest.c
conftest.c:11:10: fatal error: ac_nonexistent.h: No such file or directory
   11 | #include <ac_nonexistent.h>
      |          ^~~~~~~~~~~~~~~~~~
compilation terminated.
configure:7385: $? = 1
configure: failed program was:
| /* confdefs.h */
| #define PACKAGE_NAME "hevcbitstream"
| #define PACKAGE_TARNAME "hevcbitstream"
| #define PACKAGE_VERSION "0.2.0"
| #define PACKAGE_STRING "hevcbitstream 0.2.0"
| #define PACKAGE_BUGREPORT "aizvorski@gmail.com"
| #define PACKAGE_URL ""
| #define PACKAGE "hevcbitstream"
| #define VERSION "0.2.0"
| /* end confdefs.h.  */
| #include <ac_nonexistent.h>
configure:7410: result: aarch64-linux-gnu-gcc -E
configure:7430: aarch64-linux-gnu-gcc -E  conftest.c
configure:7430: $? = 0
configure:7444: aarch64-linux-gnu-gcc -E  conftest.c
conftest.c:11:10: fatal error: ac_nonexistent.h: No such file or directory
   11 | #include <ac_nonexistent.h>
      |          ^~~~~~~~~~~~~~~~~~
compilation terminated.
configure:7444: $? = 1
configure: failed program was:
| /* confdefs.h */
| #define PACKAGE_NAME "hevcbitstream"
| #define PACKAGE_TARNAME "hevcbitstream"
| #define PACKAGE_VERSION "0.2.0"
| #define PACKAGE_STRING "hevcbitstream 0.2.0"
| #define PACKAGE_BUGREPORT "aizvorski@gmail.com"
| #define PACKAGE_URL ""
| #define PACKAGE "hevcbitstream"
| #define VERSION "0.2.0"
| /* end confdefs.h.  */
| #include <ac_nonexistent.h>
configure:7473: checking for ANSI C header files
configure:7493: aarch64-linux-gnu-gcc -c -g -O2  conftest.c >&5
configure:7493: $? = 0
configure:7566: aarch64-linux-gnu-gcc -o conftest -g -O2  -lm conftest.c  >&5
configure:7566: $? = 0
configure:7566: ./conftest
configure:7566: $? = 0
configure:7577: result: yes
configure:7590: checking for sys/types.h
configure:7590: aarch64-linux-gnu-gcc -c -g -O2  conftest.c >&5
configure:7590: $? = 0
configure:7590: result: yes
configure:7590: checking for sys/stat.h
configure:7590: aarch64-linux-gnu-gcc -c -g -O2  conftest.c >&5
configure:7590: $? = 0
configure:7590: result: yes
configure:7590: checking for stdlib.h
configure:7590: aarch64-linux-gnu-gcc -c -g -O2  conftest.c >&5
configure:7590: $? = 0
configure:7590: result: yes
configure:7590: checking for string.h
configure:7590: aarch64-linux-gnu-gcc -c -g -O2  conftest.c >&5
configure:7590: $? = 0
configure:7590: result: yes
configure:7590: checking for memory.h
configure:7590: aarch64-linux-gnu-gcc -c -g -O2  conftest.c >&5
configure:7590: $? = 0
configure:7590: result: yes
configure:7590: checking for strings.h
configure:7590: aarch64-linux-gnu-gcc -c -g -O2  conftest.c >&5
configure:7590: $? = 0
configure:7590: result: yes
configure:7590: checking for inttypes.h
configure:7590: aarch64-linux-gnu-gcc -c -g -O2  conftest.c >&5
configure:7590: $? = 0
configure:7590: result: yes
configure:7590: checking for stdint.h
configure:7590: aarch64-linux-gnu-gcc -c -g -O2  conftest.c >&5
configure:7590: $? = 0
configure:7590: result: yes
configure:7590: checking for unistd.h
configure:7590: aarch64-linux-gnu-gcc -c -g -O2  conftest.c >&5
configure:7590: $? = 0
configure:7590: result: yes
configure:7604: checking for dlfcn.h
configure:7604: aarch64-linux-gnu-gcc -c -g -O2  conftest.c >&5
configure:7604: $? = 0
configure:7604: result: yes
configure:7860: checking for objdir
configure:7875: result: .libs
configure:8139: checking if aarch64-linux-gnu-gcc supports -fno-rtti -fno-exceptions
configure:8157: aarch64-linux-gnu-gcc -c -g -O2  -fno-rtti -fno-exceptions conftest.c >&5
cc1: warning: command-line option '-fno-rtti' is valid for C++/D/ObjC++ but not for C
configure:8161: $? = 0
configure:8174: result: no
configure:8538: checking for aarch64-linux-gnu-gcc option to produce PIC
configure:8545: result: -fPIC -DPIC
configure:8553: checking if aarch64-linux-gnu-gcc PIC flag -fPIC -DPIC works
configure:8571: aarch64-linux-gnu-gcc -c -g -O2  -fPIC -DPIC -DPIC conftest.c >&5
configure:8575: $? = 0
configure:8588: result: yes
configure:8617: checking if aarch64-linux-gnu-gcc static flag -static works
configure:8645: result: yes
configure:8660: checking if aarch64-linux-gnu-gcc supports -c -o file.o
configure:8681: aarch64-linux-gnu-gcc -c -g -O2  -o out/conftest2.o conftest.c >&5
configure:8685: $? = 0
configure:8707: result: yes
configure:8715: checking if aarch64-linux-gnu-gcc supports -c -o file.o
configure:8762: result: yes
configure:8795: checking whether the aarch64-linux-gnu-gcc linker (/usr/bin/ld) supports shared libraries
configure:10058: result: yes
configure:10095: checking whether -lc should be explicitly linked in
configure:10103: aarch64-linux-gnu-gcc -c -g -O2  conftest.c >&5
configure:10106: $? = 0
configure:10121: aarch64-linux-gnu-gcc -shared  -fPIC -DPIC conftest.o  -v -Wl,-soname -Wl,conftest -o conftest 2\>\&1 \| /usr/bin/grep  -lc  \>/dev/null 2\>\&1
configure:10124: $? = 0
configure:10138: result: no
configure:10298: checking dynamic linker characteristics
configure:10879: aarch64-linux-gnu-gcc -o conftest -g -O2  -lm -Wl,-rpath -Wl,/foo conftest.c  >&5
configure:10879: $? = 0
configure:11128: result: GNU/Linux ld.so
configure:11250: checking how to hardcode library paths into programs
configure:11275: result: immediate
configure:11823: checking whether stripping libraries is possible
configure:11828: result: yes
configure:11863: checking if libtool supports shared libraries
configure:11865: result: yes
configure:11868: checking whether to build shared libraries
configure:11893: result: yes
configure:11896: checking whether to build static libraries
configure:11900: result: yes
configure:11940: checking for getopt_long
configure:11940: aarch64-linux-gnu-gcc -o conftest -g -O2  -lm conftest.c  >&5
configure:11940: $? = 0
configure:11940: result: yes
configure:11958: checking Checking for --enable-debug flag
configure:11968: result: no
configure:11991: checking our pkgconfig libname
configure:11999: result: libhevcbitstream
configure:12002: checking our pkgconfig version
configure:12010: result: 0.2.0
configure:12013: checking our pkgconfig_libdir
configure:12020: result: ${libdir}/pkgconfig
configure:12023: result: expanded our pkgconfig_libdir... /usr/local/lib/pkgconfig
configure:12027: checking our pkgconfig_libfile
configure:12033: result: libhevcbitstream.pc
configure:12040: checking our package / suffix
configure:12044: result: hevcbitstream / 
configure:12047: checking our pkgconfig description
configure:12054: result: libhevcbitstream Library
configure:12057: checking our pkgconfig requires
configure:12062: result: 
configure:12065: checking our pkgconfig ext libs
configure:12072: result: ${libdir}/libhevcbitstream.la
configure:12075: checking our pkgconfig cppflags
configure:12080: result: 
configure:12083: checking our pkgconfig ldflags
configure:12088: result: -lm
configure:12163: result: noninstalled pkgconfig -I /home/pi/workspace/V4L2-apps/v4l2tools/hevcbitstream/.
configure:12308: checking that generated files are newer than configure
configure:12314: result: done
configure:12337: creating ./config.status

## ---------------------- ##
## Running config.status. ##
## ---------------------- ##

This file was extended by hevcbitstream config.status 0.2.0, which was
generated by GNU Autoconf 2.69.  Invocation command line was

  CONFIG_FILES    = 
  CONFIG_HEADERS  = 
  CONFIG_LINKS    = 
  CONFIG_COMMANDS = 
  $ ./config.status 

on raspberrypi

config.status:1038: creating Makefile
config.status:1210: executing depfiles commands
config.status:1287: cd .       && sed -e '/# am--include-marker/d' Makefile         | make -f - am--depfiles
make[1]: Entering directory '/home/pi/workspace/V4L2-apps/v4l2tools/hevcbitstream'
make[1]: Leaving directory '/home/pi/workspace/V4L2-apps/v4l2tools/hevcbitstream'
config.status:1292: $? = 0
config.status:1210: executing libtool commands
config.status:1210: executing libhevcbitstream.pc commands
config.status:1864: creating libhevcbitstream.pc.in
config.status:1887: creating libhevcbitstream.pc
config.status:1913: creating libhevcbitstream-uninstalled.pc
config.status:1943: creating libhevcbitstream-uninstalled.sh

## ---------------- ##
## Cache variables. ##
## ---------------- ##

ac_cv_build=aarch64-unknown-linux-gnu
ac_cv_c_compiler_gnu=yes
ac_cv_env_CC_set=
ac_cv_env_CC_value=
ac_cv_env_CFLAGS_set=
ac_cv_env_CFLAGS_value=
ac_cv_env_CPPFLAGS_set=
ac_cv_env_CPPFLAGS_value=
ac_cv_env_CPP_set=
ac_cv_env_CPP_value=
ac_cv_env_LDFLAGS_set=set
ac_cv_env_LDFLAGS_value=-lm
ac_cv_env_LIBS_set=
ac_cv_env_LIBS_value=
ac_cv_env_LT_SYS_LIBRARY_PATH_set=
ac_cv_env_LT_SYS_LIBRARY_PATH_value=
ac_cv_env_build_alias_set=
ac_cv_env_build_alias_value=
ac_cv_env_host_alias_set=set
ac_cv_env_host_alias_value=aarch64-linux-gnu
ac_cv_env_target_alias_set=
ac_cv_env_target_alias_value=
ac_cv_func_getopt_long=yes
ac_cv_header_dlfcn_h=yes
ac_cv_header_inttypes_h=yes
ac_cv_header_memory_h=yes
ac_cv_header_stdc=yes
ac_cv_header_stdint_h=yes
ac_cv_header_stdlib_h=yes
ac_cv_header_string_h=yes
ac_cv_header_strings_h=yes
ac_cv_header_sys_stat_h=yes
ac_cv_header_sys_types_h=yes
ac_cv_header_unistd_h=yes
ac_cv_host=aarch64-unknown-linux-gnu
ac_cv_objext=o
ac_cv_path_EGREP='/usr/bin/grep -E'
ac_cv_path_FGREP='/usr/bin/grep -F'
ac_cv_path_GREP=/usr/bin/grep
ac_cv_path_SED=/usr/bin/sed
ac_cv_path_install='/usr/bin/install -c'
ac_cv_path_lt_DD=/usr/bin/dd
ac_cv_path_mkdir=/usr/bin/mkdir
ac_cv_prog_AR=aarch64-linux-gnu-ar
ac_cv_prog_AWK=mawk
ac_cv_prog_CC=aarch64-linux-gnu-gcc
ac_cv_prog_CPP='aarch64-linux-gnu-gcc -E'
ac_cv_prog_OBJDUMP=aarch64-linux-gnu-objdump
ac_cv_prog_RANLIB=aarch64-linux-gnu-ranlib
ac_cv_prog_STRIP=aarch64-linux-gnu-strip
ac_cv_prog_ac_ct_MANIFEST_TOOL=mt
ac_cv_prog_cc_c89=
ac_cv_prog_cc_g=yes
ac_cv_prog_make_make_set=yes
ac_cv_target=aarch64-unknown-linux-gnu
am_cv_CC_dependencies_compiler_type=gcc3
am_cv_make_support_nested_variables=yes
am_cv_prog_cc_c_o=yes
lt_cv_ar_at_file=@
lt_cv_archive_cmds_need_lc=no
lt_cv_deplibs_check_method=pass_all
lt_cv_file_magic_cmd='$MAGIC_CMD'
lt_cv_file_magic_test_file=
lt_cv_ld_reload_flag=-r
lt_cv_nm_interface='BSD nm'
lt_cv_objdir=.libs
lt_cv_path_LD=/usr/bin/ld
lt_cv_path_NM='/usr/bin/aarch64-linux-gnu-nm -B'
lt_cv_path_mainfest_tool=no
lt_cv_prog_compiler_c_o=yes
lt_cv_prog_compiler_pic='-fPIC -DPIC'
lt_cv_prog_compiler_pic_works=yes
lt_cv_prog_compiler_rtti_exceptions=no
lt_cv_prog_compiler_static_works=yes
lt_cv_prog_gnu_ld=yes
lt_cv_sharedlib_from_linklib_cmd='printf %s\n'
lt_cv_shlibpath_overrides_runpath=yes
lt_cv_sys_global_symbol_pipe='sed -n -e '\''s/^.*[	 ]\([ABCDGIRSTW][ABCDGIRSTW]*\)[	 ][	 ]*\([_A-Za-z][_A-Za-z0-9]*\)$/\1 \2 \2/p'\'' | sed '\''/ __gnu_lto/d'\'''
lt_cv_sys_global_symbol_to_c_name_address='sed -n -e '\''s/^: \(.*\) .*$/  {"\1", (void *) 0},/p'\'' -e '\''s/^[ABCDGIRSTW][ABCDGIRSTW]* .* \(.*\)$/  {"\1", (void *) \&\1},/p'\'''
lt_cv_sys_global_symbol_to_c_name_address_lib_prefix='sed -n -e '\''s/^: \(.*\) .*$/  {"\1", (void *) 0},/p'\'' -e '\''s/^[ABCDGIRSTW][ABCDGIRSTW]* .* \(lib.*\)$/  {"\1", (void *) \&\1},/p'\'' -e '\''s/^[ABCDGIRSTW][ABCDGIRSTW]* .* \(.*\)$/  {"lib\1", (void *) \&\1},/p'\'''
lt_cv_sys_global_symbol_to_cdecl='sed -n -e '\''s/^T .* \(.*\)$/extern int \1();/p'\'' -e '\''s/^[ABCDGIRSTW][ABCDGIRSTW]* .* \(.*\)$/extern char \1;/p'\'''
lt_cv_sys_global_symbol_to_import=
lt_cv_sys_max_cmd_len=1572864
lt_cv_to_host_file_cmd=func_convert_file_noop
lt_cv_to_tool_file_cmd=func_convert_file_noop
lt_cv_truncate_bin='/usr/bin/dd bs=4096 count=1'

## ----------------- ##
## Output variables. ##
## ----------------- ##

ACLOCAL='${SHELL} '\''/home/pi/workspace/V4L2-apps/v4l2tools/hevcbitstream/build-aux/missing'\'' aclocal-1.16'
AMDEPBACKSLASH='\'
AMDEP_FALSE='#'
AMDEP_TRUE=''
AMTAR='$${TAR-tar}'
AM_BACKSLASH='\'
AM_CFLAGS=' -O2 -g -Wall'
AM_DEFAULT_V='$(AM_DEFAULT_VERBOSITY)'
AM_DEFAULT_VERBOSITY='1'
AM_V='$(V)'
AR='aarch64-linux-gnu-ar'
AUTOCONF='${SHELL} '\''/home/pi/workspace/V4L2-apps/v4l2tools/hevcbitstream/build-aux/missing'\'' autoconf'
AUTOHEADER='${SHELL} '\''/home/pi/workspace/V4L2-apps/v4l2tools/hevcbitstream/build-aux/missing'\'' autoheader'
AUTOMAKE='${SHELL} '\''/home/pi/workspace/V4L2-apps/v4l2tools/hevcbitstream/build-aux/missing'\'' automake-1.16'
AWK='mawk'
CC='aarch64-linux-gnu-gcc'
CCDEPMODE='depmode=gcc3'
CFLAGS='-g -O2'
CPP='aarch64-linux-gnu-gcc -E'
CPPFLAGS=''
CYGPATH_W='echo'
DEFS='-DPACKAGE_NAME=\"hevcbitstream\" -DPACKAGE_TARNAME=\"hevcbitstream\" -DPACKAGE_VERSION=\"0.2.0\" -DPACKAGE_STRING=\"hevcbitstream\ 0.2.0\" -DPACKAGE_BUGREPORT=\"aizvorski@gmail.com\" -DPACKAGE_URL=\"\" -DPACKAGE=\"hevcbitstream\" -DVERSION=\"0.2.0\" -DSTDC_HEADERS=1 -DHAVE_SYS_TYPES_H=1 -DHAVE_SYS_STAT_H=1 -DHAVE_STDLIB_H=1 -DHAVE_STRING_H=1 -DHAVE_MEMORY_H=1 -DHAVE_STRINGS_H=1 -DHAVE_INTTYPES_H=1 -DHAVE_STDINT_H=1 -DHAVE_UNISTD_H=1 -DHAVE_DLFCN_H=1 -DLT_OBJDIR=\".libs/\" -DHAVE_GETOPT_LONG=1 -DNDEBUG=/\*\*/'
DEPDIR='.deps'
DLLTOOL='false'
DSYMUTIL=''
DUMPBIN=''
ECHO_C=''
ECHO_N='-n'
ECHO_T=''
EGREP='/usr/bin/grep -E'
EXEEXT=''
EXTRA_CFLAGS='-std=c99 -Wno-error'
FGREP='/usr/bin/grep -F'
GREP='/usr/bin/grep'
INSTALL_DATA='${INSTALL} -m 644'
INSTALL_PROGRAM='${INSTALL}'
INSTALL_SCRIPT='${INSTALL}'
INSTALL_STRIP_PROGRAM='$(install_sh) -c -s'
LD='/usr/bin/ld'
LDFLAGS='-lm'
LIBOBJS=''
LIBS=''
LIBTOOL='$(SHELL) $(top_builddir)/libtool'
LIPO=''
LN_S='ln -s'
LTLIBOBJS=''
LT_SYS_LIBRARY_PATH=''
MAKEINFO='${SHELL} '\''/home/pi/workspace/V4L2-apps/v4l2tools/hevcbitstream/build-aux/missing'\'' makeinfo'
MANIFEST_TOOL=':'
MKDIR_P='/usr/bin/mkdir -p'
NM='/usr/bin/aarch64-linux-gnu-nm -B'
NMEDIT=''
OBJDUMP='aarch64-linux-gnu-objdump'
OBJEXT='o'
OTOOL64=''
OTOOL=''
PACKAGE='hevcbitstream'
PACKAGE_BUGREPORT='aizvorski@gmail.com'
PACKAGE_NAME='hevcbitstream'
PACKAGE_STRING='hevcbitstream 0.2.0'
PACKAGE_TARNAME='hevcbitstream'
PACKAGE_URL=''
PACKAGE_VERSION='0.2.0'
PATH_SEPARATOR=':'
RANLIB='aarch64-linux-gnu-ranlib'
SED='/usr/bin/sed'
SET_MAKE=''
SHELL='/bin/bash'
STRIP='aarch64-linux-gnu-strip'
VERSION='0.2.0'
ac_ct_AR=''
ac_ct_CC=''
ac_ct_DUMPBIN=''
am__EXEEXT_FALSE=''
am__EXEEXT_TRUE='#'
am__fastdepCC_FALSE='#'
am__fastdepCC_TRUE=''
am__include='include'
am__isrc=''
am__leading_dot='.'
am__nodep='_no'
am__quote=''
am__tar='$${TAR-tar} chof - "$$tardir"'
am__untar='$${TAR-tar} xf -'
bindir='${exec_prefix}/bin'
build='aarch64-unknown-linux-gnu'
build_alias=''
build_cpu='aarch64'
build_os='linux-gnu'
build_vendor='unknown'
datadir='${datarootdir}'
datarootdir='${prefix}/share'
docdir='${datarootdir}/doc/${PACKAGE_TARNAME}'
dvidir='${docdir}'
exec_prefix='${prefix}'
host='aarch64-unknown-linux-gnu'
host_alias='aarch64-linux-gnu'
host_cpu='aarch64'
host_os='linux-gnu'
host_vendor='unknown'
htmldir='${docdir}'
includedir='${prefix}/include'
infodir='${datarootdir}/info'
install_sh='${SHELL} /home/pi/workspace/V4L2-apps/v4l2tools/hevcbitstream/build-aux/install-sh'
libdir='${exec_prefix}/lib'
libexecdir='${exec_prefix}/libexec'
localedir='${datarootdir}/locale'
localstatedir='${prefix}/var'
mandir='${datarootdir}/man'
mkdir_p='$(MKDIR_P)'
oldincludedir='/usr/include'
pdfdir='${docdir}'
pkgconfig_libdir='${libdir}/pkgconfig'
pkgconfig_libfile='libhevcbitstream.pc'
prefix='/usr/local'
program_transform_name='s,x,x,'
psdir='${docdir}'
runstatedir='${localstatedir}/run'
sbindir='${exec_prefix}/sbin'
sharedstatedir='${prefix}/com'
sysconfdir='${prefix}/etc'
target='aarch64-unknown-linux-gnu'
target_alias=''
target_cpu='aarch64'
target_os='linux-gnu'
target_vendor='unknown'

## ----------- ##
## confdefs.h. ##
## ----------- ##

/* confdefs.h */
#define PACKAGE_NAME "hevcbitstream"
#define PACKAGE_TARNAME "hevcbitstream"
#define PACKAGE_VERSION "0.2.0"
#define PACKAGE_STRING "hevcbitstream 0.2.0"
#define PACKAGE_BUGREPORT "aizvorski@gmail.com"
#define PACKAGE_URL ""
#define PACKAGE "hevcbitstream"
#define VERSION "0.2.0"
#define STDC_HEADERS 1
#define HAVE_SYS_TYPES_H 1
#define HAVE_SYS_STAT_H 1
#define HAVE_STDLIB_H 1
#define HAVE_STRING_H 1
#define HAVE_MEMORY_H 1
#define HAVE_STRINGS_H 1
#define HAVE_INTTYPES_H 1
#define HAVE_STDINT_H 1
#define HAVE_UNISTD_H 1
#define HAVE_DLFCN_H 1
#define LT_OBJDIR ".libs/"
#define HAVE_GETOPT_LONG 1
#define NDEBUG /**/

configure: exit 0
